/home/science/ros2_ws/src/rover_science/install/rover_science/lib/python3.10/site-packages/rover_science/base_motor_control_gui.py
/home/science/ros2_ws/src/rover_science/install/rover_science/lib/python3.10/site-packages/rover_science/__init__.py
/home/science/ros2_ws/src/rover_science/install/rover_science/lib/python3.10/site-packages/rover_science/rover_dynamixel_driver.py
/home/science/ros2_ws/src/rover_science/install/rover_science/lib/python3.10/site-packages/rover_science/rover_carbon_sensor_driver.py
/home/science/ros2_ws/src/rover_science/install/rover_science/lib/python3.10/site-packages/rover_science/OLD_rover_MQ135_driver.py
/home/science/ros2_ws/src/rover_science/install/rover_science/lib/python3.10/site-packages/rover_science/rover_vesc_driver.py
/home/science/ros2_ws/src/rover_science/install/rover_science/lib/python3.10/site-packages/rover_science/base_sensor_gui.py
/home/science/ros2_ws/src/rover_science/install/rover_science/lib/python3.10/site-packages/rover_science/inductor_feedback_control.py
/home/science/ros2_ws/src/rover_science/install/rover_science/lib/python3.10/site-packages/rover_science/rover_temp_and_humidity_drivers.py
/home/science/ros2_ws/src/rover_science/install/rover_science/lib/python3.10/site-packages/rover_science/rover_temprobe_drivers.py
/home/science/ros2_ws/src/rover_science/install/rover_science/lib/python3.10/site-packages/rover_science/__pycache__/base_motor_control_gui.cpython-310.pyc
/home/science/ros2_ws/src/rover_science/install/rover_science/lib/python3.10/site-packages/rover_science/__pycache__/__init__.cpython-310.pyc
/home/science/ros2_ws/src/rover_science/install/rover_science/lib/python3.10/site-packages/rover_science/__pycache__/rover_dynamixel_driver.cpython-310.pyc
/home/science/ros2_ws/src/rover_science/install/rover_science/lib/python3.10/site-packages/rover_science/__pycache__/rover_carbon_sensor_driver.cpython-310.pyc
/home/science/ros2_ws/src/rover_science/install/rover_science/lib/python3.10/site-packages/rover_science/__pycache__/OLD_rover_MQ135_driver.cpython-310.pyc
/home/science/ros2_ws/src/rover_science/install/rover_science/lib/python3.10/site-packages/rover_science/__pycache__/rover_vesc_driver.cpython-310.pyc
/home/science/ros2_ws/src/rover_science/install/rover_science/lib/python3.10/site-packages/rover_science/__pycache__/base_sensor_gui.cpython-310.pyc
/home/science/ros2_ws/src/rover_science/install/rover_science/lib/python3.10/site-packages/rover_science/__pycache__/inductor_feedback_control.cpython-310.pyc
/home/science/ros2_ws/src/rover_science/install/rover_science/lib/python3.10/site-packages/rover_science/__pycache__/rover_temp_and_humidity_drivers.cpython-310.pyc
/home/science/ros2_ws/src/rover_science/install/rover_science/lib/python3.10/site-packages/rover_science/__pycache__/rover_temprobe_drivers.cpython-310.pyc
/home/science/ros2_ws/src/rover_science/install/rover_science/share/ament_index/resource_index/packages/rover_science
/home/science/ros2_ws/src/rover_science/install/rover_science/share/rover_science/package.xml
/home/science/ros2_ws/src/rover_science/install/rover_science/share/rover_science/launch/all_drivers.launch.py
/home/science/ros2_ws/src/rover_science/install/rover_science/share/rover_science/config/test.yaml
/home/science/ros2_ws/src/rover_science/install/rover_science/lib/python3.10/site-packages/rover_science-0.0.1-py3.10.egg-info/requires.txt
/home/science/ros2_ws/src/rover_science/install/rover_science/lib/python3.10/site-packages/rover_science-0.0.1-py3.10.egg-info/PKG-INFO
/home/science/ros2_ws/src/rover_science/install/rover_science/lib/python3.10/site-packages/rover_science-0.0.1-py3.10.egg-info/SOURCES.txt
/home/science/ros2_ws/src/rover_science/install/rover_science/lib/python3.10/site-packages/rover_science-0.0.1-py3.10.egg-info/entry_points.txt
/home/science/ros2_ws/src/rover_science/install/rover_science/lib/python3.10/site-packages/rover_science-0.0.1-py3.10.egg-info/dependency_links.txt
/home/science/ros2_ws/src/rover_science/install/rover_science/lib/python3.10/site-packages/rover_science-0.0.1-py3.10.egg-info/zip-safe
/home/science/ros2_ws/src/rover_science/install/rover_science/lib/python3.10/site-packages/rover_science-0.0.1-py3.10.egg-info/top_level.txt
/home/science/ros2_ws/src/rover_science/install/rover_science/lib/rover_science/rover_carbon_sensor_driver
/home/science/ros2_ws/src/rover_science/install/rover_science/lib/rover_science/rover_dynamixel_driver
/home/science/ros2_ws/src/rover_science/install/rover_science/lib/rover_science/rover_temp_and_humidity_drivers
/home/science/ros2_ws/src/rover_science/install/rover_science/lib/rover_science/rover_vesc_driver
